The Secret is 7PTHJIQWen0q84EGXQJdxGuz1BCU41qq
Device is ready to ShutDown! on Port: 8091
Kudos! Command: /s Executed
stdout: 
stderr: 
The Secret is 7PTHJIQWen0q84EGXQJdxGuz1BCU41qq
Device is ready to ShutDown! on Port: 8091
The Secret is 7PTHJIQWen0q84EGXQJdxGuz1BCU41qq
Device is ready to ShutDown! on Port: 8091
The Secret is 7PTHJIQWen0q84EGXQJdxGuz1BCU41qq
Device is ready to ShutDown! on Port: 8091
The Secret is 7PTHJIQWen0q84EGXQJdxGuz1BCU41qq
Device is ready to ShutDown! on Port: 8091
The Secret is 7PTHJIQWen0q84EGXQJdxGuz1BCU41qq
Device is ready to ShutDown! on Port: 8091
Kudos! Command: /s Executed
stdout: 
stderr: 
The Secret is 7PTHJIQWen0q84EGXQJdxGuz1BCU41qq
Device is ready to ShutDown! on Port: 8091
The Secret is 7PTHJIQWen0q84EGXQJdxGuz1BCU41qq
Device is ready to ShutDown! on Port: 8091
The Secret is 7PTHJIQWen0q84EGXQJdxGuz1BCU41qq
Device is ready to ShutDown! on Port: 8091
Kudos! Command: /s Executed
stdout: 
stderr: 
The Secret is 7PTHJIQWen0q84EGXQJdxGuz1BCU41qq
Device is ready to ShutDown! on Port: 8091
The Secret is 7PTHJIQWen0q84EGXQJdxGuz1BCU41qq
Device is ready to ShutDown! on Port: 8091
The Secret is 7PTHJIQWen0q84EGXQJdxGuz1BCU41qq
Device is ready to ShutDown! on Port: 8091
The Secret is 7PTHJIQWen0q84EGXQJdxGuz1BCU41qq
Device is ready to ShutDown! on Port: 8091
The Secret is 7PTHJIQWen0q84EGXQJdxGuz1BCU41qq
Device is ready to ShutDown! on Port: 8091
The Secret is 7PTHJIQWen0q84EGXQJdxGuz1BCU41qq
Device is ready to ShutDown! on Port: 8091
The Secret is 7PTHJIQWen0q84EGXQJdxGuz1BCU41qq
Device is ready to ShutDown! on Port: 8091
